running develop
Removing /home/mona_robot/Desktop/mob_robot_project/robot_ws/install/mobile_robot_v1/lib/python3.10/site-packages/mobile-robot-v1.egg-link (link to .)
running egg_info
writing ../../build/mobile_robot_v1/mobile_robot_v1.egg-info/PKG-INFO
writing dependency_links to ../../build/mobile_robot_v1/mobile_robot_v1.egg-info/dependency_links.txt
writing entry points to ../../build/mobile_robot_v1/mobile_robot_v1.egg-info/entry_points.txt
writing requirements to ../../build/mobile_robot_v1/mobile_robot_v1.egg-info/requires.txt
writing top-level names to ../../build/mobile_robot_v1/mobile_robot_v1.egg-info/top_level.txt
reading manifest file '../../build/mobile_robot_v1/mobile_robot_v1.egg-info/SOURCES.txt'
adding license file 'LICENSE'
writing manifest file '../../build/mobile_robot_v1/mobile_robot_v1.egg-info/SOURCES.txt'
running build
running build_py
creating /home/mona_robot/Desktop/mob_robot_project/robot_ws/build/mobile_robot_v1/build
creating /home/mona_robot/Desktop/mob_robot_project/robot_ws/build/mobile_robot_v1/build/lib
creating /home/mona_robot/Desktop/mob_robot_project/robot_ws/build/mobile_robot_v1/build/lib/mobile_robot_v1
copying mobile_robot_v1/__init__.py -> /home/mona_robot/Desktop/mob_robot_project/robot_ws/build/mobile_robot_v1/build/lib/mobile_robot_v1
copying mobile_robot_v1/keyboard_teleop.py -> /home/mona_robot/Desktop/mob_robot_project/robot_ws/build/mobile_robot_v1/build/lib/mobile_robot_v1
running install
running install_lib
creating /home/mona_robot/Desktop/mob_robot_project/robot_ws/install/mobile_robot_v1/lib/python3.10/site-packages/mobile_robot_v1
copying /home/mona_robot/Desktop/mob_robot_project/robot_ws/build/mobile_robot_v1/build/lib/mobile_robot_v1/__init__.py -> /home/mona_robot/Desktop/mob_robot_project/robot_ws/install/mobile_robot_v1/lib/python3.10/site-packages/mobile_robot_v1
copying /home/mona_robot/Desktop/mob_robot_project/robot_ws/build/mobile_robot_v1/build/lib/mobile_robot_v1/keyboard_teleop.py -> /home/mona_robot/Desktop/mob_robot_project/robot_ws/install/mobile_robot_v1/lib/python3.10/site-packages/mobile_robot_v1
byte-compiling /home/mona_robot/Desktop/mob_robot_project/robot_ws/install/mobile_robot_v1/lib/python3.10/site-packages/mobile_robot_v1/__init__.py to __init__.cpython-310.pyc
byte-compiling /home/mona_robot/Desktop/mob_robot_project/robot_ws/install/mobile_robot_v1/lib/python3.10/site-packages/mobile_robot_v1/keyboard_teleop.py to keyboard_teleop.cpython-310.pyc
running install_data
copying resource/mobile_robot_v1 -> /home/mona_robot/Desktop/mob_robot_project/robot_ws/install/mobile_robot_v1/share/ament_index/resource_index/packages
copying package.xml -> /home/mona_robot/Desktop/mob_robot_project/robot_ws/install/mobile_robot_v1/share/mobile_robot_v1
copying launch/display.launch.py -> /home/mona_robot/Desktop/mob_robot_project/robot_ws/install/mobile_robot_v1/share/mobile_robot_v1/launch
copying urdf/robot_mobile.urdf.xacro -> /home/mona_robot/Desktop/mob_robot_project/robot_ws/install/mobile_robot_v1/share/mobile_robot_v1/urdf
copying urdf/robot_core.xacro -> /home/mona_robot/Desktop/mob_robot_project/robot_ws/install/mobile_robot_v1/share/mobile_robot_v1/urdf
copying rviz/conf_chassis.rviz -> /home/mona_robot/Desktop/mob_robot_project/robot_ws/install/mobile_robot_v1/share/mobile_robot_v1/rviz
copying launch/gazebo.launch.py -> /home/mona_robot/Desktop/mob_robot_project/robot_ws/install/mobile_robot_v1/share/mobile_robot_v1/launch
running install_egg_info
Copying ../../build/mobile_robot_v1/mobile_robot_v1.egg-info to /home/mona_robot/Desktop/mob_robot_project/robot_ws/install/mobile_robot_v1/lib/python3.10/site-packages/mobile_robot_v1-0.0.0-py3.10.egg-info
running install_scripts
Installing keyboard_teleop script to /home/mona_robot/Desktop/mob_robot_project/robot_ws/install/mobile_robot_v1/lib/mobile_robot_v1
writing list of installed files to '/home/mona_robot/Desktop/mob_robot_project/robot_ws/build/mobile_robot_v1/install.log'
