[0.240s] DEBUG:colcon:Command line arguments: ['/usr/bin/colcon', 'build', '--symlink-install']
[0.240s] DEBUG:colcon:Parsed command line arguments: Namespace(log_base=None, log_level=None, verb_name='build', build_base='build', install_base='install', merge_install=False, symlink_install=True, test_result_base=None, continue_on_error=False, executor='parallel', parallel_workers=4, event_handlers=None, ignore_user_meta=False, metas=['./colcon.meta'], base_paths=['.'], packages_ignore=None, packages_ignore_regex=None, paths=None, packages_up_to=None, packages_up_to_regex=None, packages_above=None, packages_above_and_dependencies=None, packages_above_depth=None, packages_select_by_dep=None, packages_skip_by_dep=None, packages_skip_up_to=None, packages_select_build_failed=False, packages_skip_build_finished=False, packages_select_test_failures=False, packages_skip_test_passed=False, packages_select=None, packages_skip=None, packages_select_regex=None, packages_skip_regex=None, packages_start=None, packages_end=None, allow_overriding=[], cmake_args=None, cmake_target=None, cmake_target_skip_unavailable=False, cmake_clean_cache=False, cmake_clean_first=False, cmake_force_configure=False, ament_cmake_args=None, catkin_cmake_args=None, catkin_skip_building_tests=False, mixin_files=None, mixin=None, verb_parser=<colcon_mixin.mixin.mixin_argument.MixinArgumentDecorator object at 0x7f09aef72560>, verb_extension=<colcon_core.verb.build.BuildVerb object at 0x7f09af14ad70>, main=<bound method BuildVerb.main of <colcon_core.verb.build.BuildVerb object at 0x7f09af14ad70>>, mixin_verb=('build',))
[0.500s] Level 1:colcon.colcon_core.package_discovery:discover_packages(colcon_meta) check parameters
[0.500s] Level 1:colcon.colcon_core.package_discovery:discover_packages(recursive) check parameters
[0.500s] Level 1:colcon.colcon_core.package_discovery:discover_packages(ignore) check parameters
[0.500s] Level 1:colcon.colcon_core.package_discovery:discover_packages(path) check parameters
[0.500s] Level 1:colcon.colcon_core.package_discovery:discover_packages(colcon_meta) discover
[0.500s] Level 1:colcon.colcon_core.package_discovery:discover_packages(recursive) discover
[0.500s] INFO:colcon.colcon_core.package_discovery:Crawling recursively for packages in '/home/mona_robot/Desktop/mob_robot_project/robot_ws'
[0.500s] Level 1:colcon.colcon_core.package_identification:_identify(.) by extensions ['ignore', 'ignore_ament_install']
[0.500s] Level 1:colcon.colcon_core.package_identification:_identify(.) by extension 'ignore'
[0.500s] Level 1:colcon.colcon_core.package_identification:_identify(.) by extension 'ignore_ament_install'
[0.500s] Level 1:colcon.colcon_core.package_identification:_identify(.) by extensions ['colcon_pkg']
[0.500s] Level 1:colcon.colcon_core.package_identification:_identify(.) by extension 'colcon_pkg'
[0.501s] Level 1:colcon.colcon_core.package_identification:_identify(.) by extensions ['colcon_meta']
[0.501s] Level 1:colcon.colcon_core.package_identification:_identify(.) by extension 'colcon_meta'
[0.501s] Level 1:colcon.colcon_core.package_identification:_identify(.) by extensions ['ros']
[0.501s] Level 1:colcon.colcon_core.package_identification:_identify(.) by extension 'ros'
[0.513s] Level 1:colcon.colcon_core.package_identification:_identify(.) by extensions ['cmake', 'python']
[0.514s] Level 1:colcon.colcon_core.package_identification:_identify(.) by extension 'cmake'
[0.514s] Level 1:colcon.colcon_core.package_identification:_identify(.) by extension 'python'
[0.514s] Level 1:colcon.colcon_core.package_identification:_identify(.) by extensions ['python_setup_py']
[0.514s] Level 1:colcon.colcon_core.package_identification:_identify(.) by extension 'python_setup_py'
[0.514s] Level 1:colcon.colcon_core.package_identification:_identify(build) by extensions ['ignore', 'ignore_ament_install']
[0.514s] Level 1:colcon.colcon_core.package_identification:_identify(build) by extension 'ignore'
[0.514s] Level 1:colcon.colcon_core.package_identification:_identify(build) ignored
[0.514s] Level 1:colcon.colcon_core.package_identification:_identify(install) by extensions ['ignore', 'ignore_ament_install']
[0.514s] Level 1:colcon.colcon_core.package_identification:_identify(install) by extension 'ignore'
[0.514s] Level 1:colcon.colcon_core.package_identification:_identify(install) ignored
[0.515s] Level 1:colcon.colcon_core.package_identification:_identify(log) by extensions ['ignore', 'ignore_ament_install']
[0.515s] Level 1:colcon.colcon_core.package_identification:_identify(log) by extension 'ignore'
[0.515s] Level 1:colcon.colcon_core.package_identification:_identify(log) ignored
[0.515s] Level 1:colcon.colcon_core.package_identification:_identify(src) by extensions ['ignore', 'ignore_ament_install']
[0.515s] Level 1:colcon.colcon_core.package_identification:_identify(src) by extension 'ignore'
[0.515s] Level 1:colcon.colcon_core.package_identification:_identify(src) by extension 'ignore_ament_install'
[0.515s] Level 1:colcon.colcon_core.package_identification:_identify(src) by extensions ['colcon_pkg']
[0.515s] Level 1:colcon.colcon_core.package_identification:_identify(src) by extension 'colcon_pkg'
[0.515s] Level 1:colcon.colcon_core.package_identification:_identify(src) by extensions ['colcon_meta']
[0.515s] Level 1:colcon.colcon_core.package_identification:_identify(src) by extension 'colcon_meta'
[0.515s] Level 1:colcon.colcon_core.package_identification:_identify(src) by extensions ['ros']
[0.515s] Level 1:colcon.colcon_core.package_identification:_identify(src) by extension 'ros'
[0.516s] Level 1:colcon.colcon_core.package_identification:_identify(src) by extensions ['cmake', 'python']
[0.516s] Level 1:colcon.colcon_core.package_identification:_identify(src) by extension 'cmake'
[0.516s] Level 1:colcon.colcon_core.package_identification:_identify(src) by extension 'python'
[0.516s] Level 1:colcon.colcon_core.package_identification:_identify(src) by extensions ['python_setup_py']
[0.516s] Level 1:colcon.colcon_core.package_identification:_identify(src) by extension 'python_setup_py'
[0.516s] Level 1:colcon.colcon_core.package_identification:_identify(src/mobile_robot_v1) by extensions ['ignore', 'ignore_ament_install']
[0.516s] Level 1:colcon.colcon_core.package_identification:_identify(src/mobile_robot_v1) by extension 'ignore'
[0.516s] Level 1:colcon.colcon_core.package_identification:_identify(src/mobile_robot_v1) by extension 'ignore_ament_install'
[0.516s] Level 1:colcon.colcon_core.package_identification:_identify(src/mobile_robot_v1) by extensions ['colcon_pkg']
[0.516s] Level 1:colcon.colcon_core.package_identification:_identify(src/mobile_robot_v1) by extension 'colcon_pkg'
[0.516s] Level 1:colcon.colcon_core.package_identification:_identify(src/mobile_robot_v1) by extensions ['colcon_meta']
[0.516s] Level 1:colcon.colcon_core.package_identification:_identify(src/mobile_robot_v1) by extension 'colcon_meta'
[0.516s] Level 1:colcon.colcon_core.package_identification:_identify(src/mobile_robot_v1) by extensions ['ros']
[0.516s] Level 1:colcon.colcon_core.package_identification:_identify(src/mobile_robot_v1) by extension 'ros'
[0.519s] DEBUG:colcon.colcon_core.package_identification:Package 'src/mobile_robot_v1' with type 'ros.ament_python' and name 'mobile_robot_v1'
[0.520s] Level 1:colcon.colcon_core.package_identification:_identify(src/traning_urdf) by extensions ['ignore', 'ignore_ament_install']
[0.520s] Level 1:colcon.colcon_core.package_identification:_identify(src/traning_urdf) by extension 'ignore'
[0.520s] Level 1:colcon.colcon_core.package_identification:_identify(src/traning_urdf) by extension 'ignore_ament_install'
[0.520s] Level 1:colcon.colcon_core.package_identification:_identify(src/traning_urdf) by extensions ['colcon_pkg']
[0.520s] Level 1:colcon.colcon_core.package_identification:_identify(src/traning_urdf) by extension 'colcon_pkg'
[0.520s] Level 1:colcon.colcon_core.package_identification:_identify(src/traning_urdf) by extensions ['colcon_meta']
[0.520s] Level 1:colcon.colcon_core.package_identification:_identify(src/traning_urdf) by extension 'colcon_meta'
[0.520s] Level 1:colcon.colcon_core.package_identification:_identify(src/traning_urdf) by extensions ['ros']
[0.520s] Level 1:colcon.colcon_core.package_identification:_identify(src/traning_urdf) by extension 'ros'
[0.520s] Level 1:colcon.colcon_core.package_identification:_identify(src/traning_urdf) by extensions ['cmake', 'python']
[0.520s] Level 1:colcon.colcon_core.package_identification:_identify(src/traning_urdf) by extension 'cmake'
[0.520s] Level 1:colcon.colcon_core.package_identification:_identify(src/traning_urdf) by extension 'python'
[0.521s] Level 1:colcon.colcon_core.package_identification:_identify(src/traning_urdf) by extensions ['python_setup_py']
[0.521s] Level 1:colcon.colcon_core.package_identification:_identify(src/traning_urdf) by extension 'python_setup_py'
[0.521s] Level 1:colcon.colcon_core.package_discovery:discover_packages(recursive) using defaults
[0.521s] Level 1:colcon.colcon_core.package_discovery:discover_packages(ignore) discover
[0.521s] Level 1:colcon.colcon_core.package_discovery:discover_packages(ignore) using defaults
[0.521s] Level 1:colcon.colcon_core.package_discovery:discover_packages(path) discover
[0.521s] Level 1:colcon.colcon_core.package_discovery:discover_packages(path) using defaults
[0.571s] Level 1:colcon.colcon_core.package_discovery:discover_packages(prefix_path) check parameters
[0.571s] Level 1:colcon.colcon_core.package_discovery:discover_packages(prefix_path) discover
[0.584s] DEBUG:colcon.colcon_installed_package_information.package_discovery:Found 1 installed packages in /home/mona_robot/Desktop/drone_project/drone_ws/install
[0.584s] DEBUG:colcon.colcon_installed_package_information.package_discovery:Found 1 installed packages in /home/mona_robot/Desktop/mob_robot_project/robot_ws/install
[0.585s] DEBUG:colcon.colcon_installed_package_information.package_discovery:Found 1 installed packages in /home/mona_robot/Desktop/ros2_ws_mobile_robot/install
[0.585s] DEBUG:colcon.colcon_installed_package_information.package_discovery:Found 1 installed packages in /home/mona_robot/Desktop/ros2_ws_try/install
[0.587s] DEBUG:colcon.colcon_installed_package_information.package_discovery:Found 287 installed packages in /opt/ros/humble
[0.589s] Level 1:colcon.colcon_core.package_discovery:discover_packages(prefix_path) using defaults
[0.654s] Level 5:colcon.colcon_core.verb:set package 'mobile_robot_v1' build argument 'cmake_args' from command line to 'None'
[0.654s] Level 5:colcon.colcon_core.verb:set package 'mobile_robot_v1' build argument 'cmake_target' from command line to 'None'
[0.654s] Level 5:colcon.colcon_core.verb:set package 'mobile_robot_v1' build argument 'cmake_target_skip_unavailable' from command line to 'False'
[0.654s] Level 5:colcon.colcon_core.verb:set package 'mobile_robot_v1' build argument 'cmake_clean_cache' from command line to 'False'
[0.654s] Level 5:colcon.colcon_core.verb:set package 'mobile_robot_v1' build argument 'cmake_clean_first' from command line to 'False'
[0.654s] Level 5:colcon.colcon_core.verb:set package 'mobile_robot_v1' build argument 'cmake_force_configure' from command line to 'False'
[0.654s] Level 5:colcon.colcon_core.verb:set package 'mobile_robot_v1' build argument 'ament_cmake_args' from command line to 'None'
[0.654s] Level 5:colcon.colcon_core.verb:set package 'mobile_robot_v1' build argument 'catkin_cmake_args' from command line to 'None'
[0.655s] Level 5:colcon.colcon_core.verb:set package 'mobile_robot_v1' build argument 'catkin_skip_building_tests' from command line to 'False'
[0.655s] DEBUG:colcon.colcon_core.verb:Building package 'mobile_robot_v1' with the following arguments: {'ament_cmake_args': None, 'build_base': '/home/mona_robot/Desktop/mob_robot_project/robot_ws/build/mobile_robot_v1', 'catkin_cmake_args': None, 'catkin_skip_building_tests': False, 'cmake_args': None, 'cmake_clean_cache': False, 'cmake_clean_first': False, 'cmake_force_configure': False, 'cmake_target': None, 'cmake_target_skip_unavailable': False, 'install_base': '/home/mona_robot/Desktop/mob_robot_project/robot_ws/install/mobile_robot_v1', 'merge_install': False, 'path': '/home/mona_robot/Desktop/mob_robot_project/robot_ws/src/mobile_robot_v1', 'symlink_install': True, 'test_result_base': None}
[0.655s] INFO:colcon.colcon_core.executor:Executing jobs using 'parallel' executor
[0.656s] DEBUG:colcon.colcon_parallel_executor.executor.parallel:run_until_complete
[0.657s] INFO:colcon.colcon_ros.task.ament_python.build:Building ROS package in '/home/mona_robot/Desktop/mob_robot_project/robot_ws/src/mobile_robot_v1' with build type 'ament_python'
[0.657s] Level 1:colcon.colcon_core.shell:create_environment_hook('mobile_robot_v1', 'ament_prefix_path')
[0.673s] INFO:colcon.colcon_core.plugin_system:Skipping extension 'colcon_core.shell.bat': Not used on non-Windows systems
[0.674s] INFO:colcon.colcon_core.shell:Creating environment hook '/home/mona_robot/Desktop/mob_robot_project/robot_ws/install/mobile_robot_v1/share/mobile_robot_v1/hook/ament_prefix_path.ps1'
[0.688s] INFO:colcon.colcon_core.shell:Creating environment descriptor '/home/mona_robot/Desktop/mob_robot_project/robot_ws/install/mobile_robot_v1/share/mobile_robot_v1/hook/ament_prefix_path.dsv'
[0.696s] INFO:colcon.colcon_core.shell:Creating environment hook '/home/mona_robot/Desktop/mob_robot_project/robot_ws/install/mobile_robot_v1/share/mobile_robot_v1/hook/ament_prefix_path.sh'
[0.698s] INFO:colcon.colcon_core.shell:Skip shell extension 'powershell' for command environment: Not usable outside of PowerShell
[0.698s] DEBUG:colcon.colcon_core.shell:Skip shell extension 'dsv' for command environment
[1.124s] INFO:colcon.colcon_core.task.python.build:Building Python package in '/home/mona_robot/Desktop/mob_robot_project/robot_ws/src/mobile_robot_v1'
[1.124s] INFO:colcon.colcon_core.shell:Skip shell extension 'powershell' for command environment: Not usable outside of PowerShell
[1.125s] DEBUG:colcon.colcon_core.shell:Skip shell extension 'dsv' for command environment
[1.949s] DEBUG:colcon.colcon_core.task.python.build:While undoing a previous installation files outside the Python library path are being ignored: /home/mona_robot/Desktop/mob_robot_project/robot_ws/install/mobile_robot_v1/share/ament_index/resource_index/packages/mobile_robot_v1
[1.949s] DEBUG:colcon.colcon_core.task.python.build:While undoing a previous installation files outside the Python library path are being ignored: /home/mona_robot/Desktop/mob_robot_project/robot_ws/install/mobile_robot_v1/share/mobile_robot_v1/package.xml
[1.949s] DEBUG:colcon.colcon_core.task.python.build:While undoing a previous installation files outside the Python library path are being ignored: /home/mona_robot/Desktop/mob_robot_project/robot_ws/install/mobile_robot_v1/share/mobile_robot_v1/launch/display.launch.py
[1.949s] DEBUG:colcon.colcon_core.task.python.build:While undoing a previous installation files outside the Python library path are being ignored: /home/mona_robot/Desktop/mob_robot_project/robot_ws/install/mobile_robot_v1/share/mobile_robot_v1/urdf/robot_mobile.urdf.xacro
[1.949s] DEBUG:colcon.colcon_core.task.python.build:While undoing a previous installation files outside the Python library path are being ignored: /home/mona_robot/Desktop/mob_robot_project/robot_ws/install/mobile_robot_v1/share/mobile_robot_v1/urdf/robot_core.xacro
[1.949s] DEBUG:colcon.colcon_core.task.python.build:While undoing a previous installation files outside the Python library path are being ignored: /home/mona_robot/Desktop/mob_robot_project/robot_ws/install/mobile_robot_v1/share/mobile_robot_v1/rviz/conf_chassis.rviz
[1.949s] DEBUG:colcon.colcon_core.task.python.build:While undoing a previous installation files outside the Python library path are being ignored: /home/mona_robot/Desktop/mob_robot_project/robot_ws/install/mobile_robot_v1/share/mobile_robot_v1/launch/gazebo.launch.py
[1.950s] DEBUG:colcon.colcon_core.task.python.build:While undoing a previous installation files outside the Python library path are being ignored: /home/mona_robot/Desktop/mob_robot_project/robot_ws/install/mobile_robot_v1/lib/mobile_robot_v1/keyboard_teleop
[1.953s] DEBUG:colcon.colcon_core.event_handler.log_command:Invoking command in '/home/mona_robot/Desktop/mob_robot_project/robot_ws/build/mobile_robot_v1': PYTHONPATH=/home/mona_robot/Desktop/mob_robot_project/robot_ws/build/mobile_robot_v1/prefix_override:/home/mona_robot/Desktop/mob_robot_project/robot_ws/install/mobile_robot_v1/lib/python3.10/site-packages:${PYTHONPATH} /usr/bin/python3 -W ignore:setup.py install is deprecated setup.py develop --editable --build-directory /home/mona_robot/Desktop/mob_robot_project/robot_ws/build/mobile_robot_v1/build --no-deps symlink_data --force
[2.636s] Level 1:colcon.colcon_core.shell:create_environment_hook('mobile_robot_v1', 'pythonpath_develop')
[2.637s] INFO:colcon.colcon_core.shell:Creating environment hook '/home/mona_robot/Desktop/mob_robot_project/robot_ws/build/mobile_robot_v1/share/mobile_robot_v1/hook/pythonpath_develop.ps1'
[2.638s] DEBUG:colcon.colcon_core.event_handler.log_command:Invoked command in '/home/mona_robot/Desktop/mob_robot_project/robot_ws/build/mobile_robot_v1' returned '0': PYTHONPATH=/home/mona_robot/Desktop/mob_robot_project/robot_ws/build/mobile_robot_v1/prefix_override:/home/mona_robot/Desktop/mob_robot_project/robot_ws/install/mobile_robot_v1/lib/python3.10/site-packages:${PYTHONPATH} /usr/bin/python3 -W ignore:setup.py install is deprecated setup.py develop --editable --build-directory /home/mona_robot/Desktop/mob_robot_project/robot_ws/build/mobile_robot_v1/build --no-deps symlink_data --force
[2.638s] INFO:colcon.colcon_core.shell:Creating environment descriptor '/home/mona_robot/Desktop/mob_robot_project/robot_ws/build/mobile_robot_v1/share/mobile_robot_v1/hook/pythonpath_develop.dsv'
[2.638s] INFO:colcon.colcon_core.shell:Creating environment hook '/home/mona_robot/Desktop/mob_robot_project/robot_ws/build/mobile_robot_v1/share/mobile_robot_v1/hook/pythonpath_develop.sh'
[2.694s] Level 1:colcon.colcon_core.environment:checking '/home/mona_robot/Desktop/mob_robot_project/robot_ws/install/mobile_robot_v1' for CMake module files
[2.695s] Level 1:colcon.colcon_core.environment:checking '/home/mona_robot/Desktop/mob_robot_project/robot_ws/install/mobile_robot_v1' for CMake config files
[2.696s] Level 1:colcon.colcon_core.environment:checking '/home/mona_robot/Desktop/mob_robot_project/robot_ws/install/mobile_robot_v1/lib'
[2.696s] Level 1:colcon.colcon_core.environment:checking '/home/mona_robot/Desktop/mob_robot_project/robot_ws/install/mobile_robot_v1/bin'
[2.697s] Level 1:colcon.colcon_core.environment:checking '/home/mona_robot/Desktop/mob_robot_project/robot_ws/install/mobile_robot_v1/lib/pkgconfig/mobile_robot_v1.pc'
[2.697s] Level 1:colcon.colcon_core.environment:checking '/home/mona_robot/Desktop/mob_robot_project/robot_ws/install/mobile_robot_v1/lib/python3.10/site-packages'
[2.697s] Level 1:colcon.colcon_core.shell:create_environment_hook('mobile_robot_v1', 'pythonpath')
[2.697s] INFO:colcon.colcon_core.shell:Creating environment hook '/home/mona_robot/Desktop/mob_robot_project/robot_ws/install/mobile_robot_v1/share/mobile_robot_v1/hook/pythonpath.ps1'
[2.698s] INFO:colcon.colcon_core.shell:Creating environment descriptor '/home/mona_robot/Desktop/mob_robot_project/robot_ws/install/mobile_robot_v1/share/mobile_robot_v1/hook/pythonpath.dsv'
[2.698s] INFO:colcon.colcon_core.shell:Creating environment hook '/home/mona_robot/Desktop/mob_robot_project/robot_ws/install/mobile_robot_v1/share/mobile_robot_v1/hook/pythonpath.sh'
[2.699s] Level 1:colcon.colcon_core.environment:checking '/home/mona_robot/Desktop/mob_robot_project/robot_ws/install/mobile_robot_v1/bin'
[2.699s] Level 1:colcon.colcon_core.environment:create_environment_scripts_only(mobile_robot_v1)
[2.700s] INFO:colcon.colcon_core.shell:Creating package script '/home/mona_robot/Desktop/mob_robot_project/robot_ws/install/mobile_robot_v1/share/mobile_robot_v1/package.ps1'
[2.711s] INFO:colcon.colcon_core.shell:Creating package descriptor '/home/mona_robot/Desktop/mob_robot_project/robot_ws/install/mobile_robot_v1/share/mobile_robot_v1/package.dsv'
[2.737s] INFO:colcon.colcon_core.shell:Creating package script '/home/mona_robot/Desktop/mob_robot_project/robot_ws/install/mobile_robot_v1/share/mobile_robot_v1/package.sh'
[2.741s] INFO:colcon.colcon_core.shell:Creating package script '/home/mona_robot/Desktop/mob_robot_project/robot_ws/install/mobile_robot_v1/share/mobile_robot_v1/package.bash'
[2.764s] INFO:colcon.colcon_core.shell:Creating package script '/home/mona_robot/Desktop/mob_robot_project/robot_ws/install/mobile_robot_v1/share/mobile_robot_v1/package.zsh'
[2.789s] Level 1:colcon.colcon_core.environment:create_file_with_runtime_dependencies(/home/mona_robot/Desktop/mob_robot_project/robot_ws/install/mobile_robot_v1/share/colcon-core/packages/mobile_robot_v1)
[2.790s] DEBUG:colcon.colcon_parallel_executor.executor.parallel:closing loop
[2.791s] DEBUG:colcon.colcon_parallel_executor.executor.parallel:loop closed
[2.791s] DEBUG:colcon.colcon_parallel_executor.executor.parallel:run_until_complete finished with '0'
[2.791s] DEBUG:colcon.colcon_core.event_reactor:joining thread
[2.839s] INFO:colcon.colcon_core.plugin_system:Skipping extension 'colcon_notification.desktop_notification.terminal_notifier': Not used on non-Darwin systems
[2.839s] INFO:colcon.colcon_core.plugin_system:Skipping extension 'colcon_notification.desktop_notification.win32': Not used on non-Windows systems
[2.839s] INFO:colcon.colcon_notification.desktop_notification:Sending desktop notification using 'notify2'
[2.868s] DEBUG:colcon.colcon_core.event_reactor:joined thread
[2.869s] INFO:colcon.colcon_core.shell:Creating prefix script '/home/mona_robot/Desktop/mob_robot_project/robot_ws/install/local_setup.ps1'
[2.911s] INFO:colcon.colcon_core.shell:Creating prefix util module '/home/mona_robot/Desktop/mob_robot_project/robot_ws/install/_local_setup_util_ps1.py'
[2.914s] INFO:colcon.colcon_core.shell:Creating prefix chain script '/home/mona_robot/Desktop/mob_robot_project/robot_ws/install/setup.ps1'
[2.916s] INFO:colcon.colcon_core.shell:Creating prefix script '/home/mona_robot/Desktop/mob_robot_project/robot_ws/install/local_setup.sh'
[2.917s] INFO:colcon.colcon_core.shell:Creating prefix util module '/home/mona_robot/Desktop/mob_robot_project/robot_ws/install/_local_setup_util_sh.py'
[2.917s] INFO:colcon.colcon_core.shell:Creating prefix chain script '/home/mona_robot/Desktop/mob_robot_project/robot_ws/install/setup.sh'
[2.920s] INFO:colcon.colcon_core.shell:Creating prefix script '/home/mona_robot/Desktop/mob_robot_project/robot_ws/install/local_setup.bash'
[2.924s] INFO:colcon.colcon_core.shell:Creating prefix chain script '/home/mona_robot/Desktop/mob_robot_project/robot_ws/install/setup.bash'
[2.927s] INFO:colcon.colcon_core.shell:Creating prefix script '/home/mona_robot/Desktop/mob_robot_project/robot_ws/install/local_setup.zsh'
[2.955s] INFO:colcon.colcon_core.shell:Creating prefix chain script '/home/mona_robot/Desktop/mob_robot_project/robot_ws/install/setup.zsh'
