[0.340s] DEBUG:colcon:Command line arguments: ['/usr/bin/colcon', 'build', '--symlink-install']
[0.340s] DEBUG:colcon:Parsed command line arguments: Namespace(log_base=None, log_level=None, verb_name='build', build_base='build', install_base='install', merge_install=False, symlink_install=True, test_result_base=None, continue_on_error=False, executor='parallel', parallel_workers=4, event_handlers=None, ignore_user_meta=False, metas=['./colcon.meta'], base_paths=['.'], packages_ignore=None, packages_ignore_regex=None, paths=None, packages_up_to=None, packages_up_to_regex=None, packages_above=None, packages_above_and_dependencies=None, packages_above_depth=None, packages_select_by_dep=None, packages_skip_by_dep=None, packages_skip_up_to=None, packages_select_build_failed=False, packages_skip_build_finished=False, packages_select_test_failures=False, packages_skip_test_passed=False, packages_select=None, packages_skip=None, packages_select_regex=None, packages_skip_regex=None, packages_start=None, packages_end=None, allow_overriding=[], cmake_args=None, cmake_target=None, cmake_target_skip_unavailable=False, cmake_clean_cache=False, cmake_clean_first=False, cmake_force_configure=False, ament_cmake_args=None, catkin_cmake_args=None, catkin_skip_building_tests=False, mixin_files=None, mixin=None, verb_parser=<colcon_mixin.mixin.mixin_argument.MixinArgumentDecorator object at 0x794a03152800>, verb_extension=<colcon_core.verb.build.BuildVerb object at 0x794a0332afe0>, main=<bound method BuildVerb.main of <colcon_core.verb.build.BuildVerb object at 0x794a0332afe0>>, mixin_verb=('build',))
[0.853s] Level 1:colcon.colcon_core.package_discovery:discover_packages(colcon_meta) check parameters
[0.854s] Level 1:colcon.colcon_core.package_discovery:discover_packages(recursive) check parameters
[0.854s] Level 1:colcon.colcon_core.package_discovery:discover_packages(ignore) check parameters
[0.854s] Level 1:colcon.colcon_core.package_discovery:discover_packages(path) check parameters
[0.855s] Level 1:colcon.colcon_core.package_discovery:discover_packages(colcon_meta) discover
[0.855s] Level 1:colcon.colcon_core.package_discovery:discover_packages(recursive) discover
[0.855s] INFO:colcon.colcon_core.package_discovery:Crawling recursively for packages in '/home/mona_robot/Desktop/mob_robot_project/robot_ws'
[0.856s] Level 1:colcon.colcon_core.package_identification:_identify(.) by extensions ['ignore', 'ignore_ament_install']
[0.857s] Level 1:colcon.colcon_core.package_identification:_identify(.) by extension 'ignore'
[0.857s] Level 1:colcon.colcon_core.package_identification:_identify(.) by extension 'ignore_ament_install'
[0.857s] Level 1:colcon.colcon_core.package_identification:_identify(.) by extensions ['colcon_pkg']
[0.858s] Level 1:colcon.colcon_core.package_identification:_identify(.) by extension 'colcon_pkg'
[0.858s] Level 1:colcon.colcon_core.package_identification:_identify(.) by extensions ['colcon_meta']
[0.858s] Level 1:colcon.colcon_core.package_identification:_identify(.) by extension 'colcon_meta'
[0.858s] Level 1:colcon.colcon_core.package_identification:_identify(.) by extensions ['ros']
[0.858s] Level 1:colcon.colcon_core.package_identification:_identify(.) by extension 'ros'
[0.877s] Level 1:colcon.colcon_core.package_identification:_identify(.) by extensions ['cmake', 'python']
[0.877s] Level 1:colcon.colcon_core.package_identification:_identify(.) by extension 'cmake'
[0.877s] Level 1:colcon.colcon_core.package_identification:_identify(.) by extension 'python'
[0.877s] Level 1:colcon.colcon_core.package_identification:_identify(.) by extensions ['python_setup_py']
[0.877s] Level 1:colcon.colcon_core.package_identification:_identify(.) by extension 'python_setup_py'
[0.878s] Level 1:colcon.colcon_core.package_identification:_identify(build) by extensions ['ignore', 'ignore_ament_install']
[0.878s] Level 1:colcon.colcon_core.package_identification:_identify(build) by extension 'ignore'
[0.878s] Level 1:colcon.colcon_core.package_identification:_identify(build) ignored
[0.878s] Level 1:colcon.colcon_core.package_identification:_identify(install) by extensions ['ignore', 'ignore_ament_install']
[0.878s] Level 1:colcon.colcon_core.package_identification:_identify(install) by extension 'ignore'
[0.878s] Level 1:colcon.colcon_core.package_identification:_identify(install) ignored
[0.878s] Level 1:colcon.colcon_core.package_identification:_identify(log) by extensions ['ignore', 'ignore_ament_install']
[0.878s] Level 1:colcon.colcon_core.package_identification:_identify(log) by extension 'ignore'
[0.879s] Level 1:colcon.colcon_core.package_identification:_identify(log) ignored
[0.879s] Level 1:colcon.colcon_core.package_identification:_identify(src) by extensions ['ignore', 'ignore_ament_install']
[0.879s] Level 1:colcon.colcon_core.package_identification:_identify(src) by extension 'ignore'
[0.879s] Level 1:colcon.colcon_core.package_identification:_identify(src) by extension 'ignore_ament_install'
[0.879s] Level 1:colcon.colcon_core.package_identification:_identify(src) by extensions ['colcon_pkg']
[0.879s] Level 1:colcon.colcon_core.package_identification:_identify(src) by extension 'colcon_pkg'
[0.879s] Level 1:colcon.colcon_core.package_identification:_identify(src) by extensions ['colcon_meta']
[0.879s] Level 1:colcon.colcon_core.package_identification:_identify(src) by extension 'colcon_meta'
[0.879s] Level 1:colcon.colcon_core.package_identification:_identify(src) by extensions ['ros']
[0.879s] Level 1:colcon.colcon_core.package_identification:_identify(src) by extension 'ros'
[0.879s] Level 1:colcon.colcon_core.package_identification:_identify(src) by extensions ['cmake', 'python']
[0.879s] Level 1:colcon.colcon_core.package_identification:_identify(src) by extension 'cmake'
[0.880s] Level 1:colcon.colcon_core.package_identification:_identify(src) by extension 'python'
[0.880s] Level 1:colcon.colcon_core.package_identification:_identify(src) by extensions ['python_setup_py']
[0.880s] Level 1:colcon.colcon_core.package_identification:_identify(src) by extension 'python_setup_py'
[0.880s] Level 1:colcon.colcon_core.package_identification:_identify(src/mobile_robot_v1) by extensions ['ignore', 'ignore_ament_install']
[0.880s] Level 1:colcon.colcon_core.package_identification:_identify(src/mobile_robot_v1) by extension 'ignore'
[0.880s] Level 1:colcon.colcon_core.package_identification:_identify(src/mobile_robot_v1) by extension 'ignore_ament_install'
[0.880s] Level 1:colcon.colcon_core.package_identification:_identify(src/mobile_robot_v1) by extensions ['colcon_pkg']
[0.880s] Level 1:colcon.colcon_core.package_identification:_identify(src/mobile_robot_v1) by extension 'colcon_pkg'
[0.880s] Level 1:colcon.colcon_core.package_identification:_identify(src/mobile_robot_v1) by extensions ['colcon_meta']
[0.880s] Level 1:colcon.colcon_core.package_identification:_identify(src/mobile_robot_v1) by extension 'colcon_meta'
[0.880s] Level 1:colcon.colcon_core.package_identification:_identify(src/mobile_robot_v1) by extensions ['ros']
[0.880s] Level 1:colcon.colcon_core.package_identification:_identify(src/mobile_robot_v1) by extension 'ros'
[0.887s] DEBUG:colcon.colcon_core.package_identification:Package 'src/mobile_robot_v1' with type 'ros.ament_python' and name 'mobile_robot_v1'
[0.887s] Level 1:colcon.colcon_core.package_identification:_identify(src/traning_urdf) by extensions ['ignore', 'ignore_ament_install']
[0.887s] Level 1:colcon.colcon_core.package_identification:_identify(src/traning_urdf) by extension 'ignore'
[0.887s] Level 1:colcon.colcon_core.package_identification:_identify(src/traning_urdf) by extension 'ignore_ament_install'
[0.887s] Level 1:colcon.colcon_core.package_identification:_identify(src/traning_urdf) by extensions ['colcon_pkg']
[0.887s] Level 1:colcon.colcon_core.package_identification:_identify(src/traning_urdf) by extension 'colcon_pkg'
[0.887s] Level 1:colcon.colcon_core.package_identification:_identify(src/traning_urdf) by extensions ['colcon_meta']
[0.887s] Level 1:colcon.colcon_core.package_identification:_identify(src/traning_urdf) by extension 'colcon_meta'
[0.887s] Level 1:colcon.colcon_core.package_identification:_identify(src/traning_urdf) by extensions ['ros']
[0.887s] Level 1:colcon.colcon_core.package_identification:_identify(src/traning_urdf) by extension 'ros'
[0.888s] Level 1:colcon.colcon_core.package_identification:_identify(src/traning_urdf) by extensions ['cmake', 'python']
[0.888s] Level 1:colcon.colcon_core.package_identification:_identify(src/traning_urdf) by extension 'cmake'
[0.888s] Level 1:colcon.colcon_core.package_identification:_identify(src/traning_urdf) by extension 'python'
[0.888s] Level 1:colcon.colcon_core.package_identification:_identify(src/traning_urdf) by extensions ['python_setup_py']
[0.888s] Level 1:colcon.colcon_core.package_identification:_identify(src/traning_urdf) by extension 'python_setup_py'
[0.888s] Level 1:colcon.colcon_core.package_discovery:discover_packages(recursive) using defaults
[0.888s] Level 1:colcon.colcon_core.package_discovery:discover_packages(ignore) discover
[0.888s] Level 1:colcon.colcon_core.package_discovery:discover_packages(ignore) using defaults
[0.888s] Level 1:colcon.colcon_core.package_discovery:discover_packages(path) discover
[0.888s] Level 1:colcon.colcon_core.package_discovery:discover_packages(path) using defaults
[0.946s] Level 1:colcon.colcon_core.package_discovery:discover_packages(prefix_path) check parameters
[0.946s] Level 1:colcon.colcon_core.package_discovery:discover_packages(prefix_path) discover
[0.953s] DEBUG:colcon.colcon_installed_package_information.package_discovery:Found 1 installed packages in /home/mona_robot/Desktop/drone_project/drone_ws/install
[0.956s] DEBUG:colcon.colcon_installed_package_information.package_discovery:Found 1 installed packages in /home/mona_robot/Desktop/mob_robot_project/robot_ws/install
[0.959s] DEBUG:colcon.colcon_installed_package_information.package_discovery:Found 1 installed packages in /home/mona_robot/Desktop/ros2_ws_mobile_robot/install
[0.961s] DEBUG:colcon.colcon_installed_package_information.package_discovery:Found 1 installed packages in /home/mona_robot/Desktop/ros2_ws_try/install
[0.966s] DEBUG:colcon.colcon_installed_package_information.package_discovery:Found 288 installed packages in /opt/ros/humble
[0.971s] Level 1:colcon.colcon_core.package_discovery:discover_packages(prefix_path) using defaults
[1.062s] Level 5:colcon.colcon_core.verb:set package 'mobile_robot_v1' build argument 'cmake_args' from command line to 'None'
[1.063s] Level 5:colcon.colcon_core.verb:set package 'mobile_robot_v1' build argument 'cmake_target' from command line to 'None'
[1.063s] Level 5:colcon.colcon_core.verb:set package 'mobile_robot_v1' build argument 'cmake_target_skip_unavailable' from command line to 'False'
[1.063s] Level 5:colcon.colcon_core.verb:set package 'mobile_robot_v1' build argument 'cmake_clean_cache' from command line to 'False'
[1.063s] Level 5:colcon.colcon_core.verb:set package 'mobile_robot_v1' build argument 'cmake_clean_first' from command line to 'False'
[1.063s] Level 5:colcon.colcon_core.verb:set package 'mobile_robot_v1' build argument 'cmake_force_configure' from command line to 'False'
[1.063s] Level 5:colcon.colcon_core.verb:set package 'mobile_robot_v1' build argument 'ament_cmake_args' from command line to 'None'
[1.063s] Level 5:colcon.colcon_core.verb:set package 'mobile_robot_v1' build argument 'catkin_cmake_args' from command line to 'None'
[1.063s] Level 5:colcon.colcon_core.verb:set package 'mobile_robot_v1' build argument 'catkin_skip_building_tests' from command line to 'False'
[1.063s] DEBUG:colcon.colcon_core.verb:Building package 'mobile_robot_v1' with the following arguments: {'ament_cmake_args': None, 'build_base': '/home/mona_robot/Desktop/mob_robot_project/robot_ws/build/mobile_robot_v1', 'catkin_cmake_args': None, 'catkin_skip_building_tests': False, 'cmake_args': None, 'cmake_clean_cache': False, 'cmake_clean_first': False, 'cmake_force_configure': False, 'cmake_target': None, 'cmake_target_skip_unavailable': False, 'install_base': '/home/mona_robot/Desktop/mob_robot_project/robot_ws/install/mobile_robot_v1', 'merge_install': False, 'path': '/home/mona_robot/Desktop/mob_robot_project/robot_ws/src/mobile_robot_v1', 'symlink_install': True, 'test_result_base': None}
[1.063s] INFO:colcon.colcon_core.executor:Executing jobs using 'parallel' executor
[1.067s] DEBUG:colcon.colcon_parallel_executor.executor.parallel:run_until_complete
[1.068s] INFO:colcon.colcon_ros.task.ament_python.build:Building ROS package in '/home/mona_robot/Desktop/mob_robot_project/robot_ws/src/mobile_robot_v1' with build type 'ament_python'
[1.068s] Level 1:colcon.colcon_core.shell:create_environment_hook('mobile_robot_v1', 'ament_prefix_path')
[1.078s] INFO:colcon.colcon_core.plugin_system:Skipping extension 'colcon_core.shell.bat': Not used on non-Windows systems
[1.080s] INFO:colcon.colcon_core.shell:Creating environment hook '/home/mona_robot/Desktop/mob_robot_project/robot_ws/install/mobile_robot_v1/share/mobile_robot_v1/hook/ament_prefix_path.ps1'
[1.086s] INFO:colcon.colcon_core.shell:Creating environment descriptor '/home/mona_robot/Desktop/mob_robot_project/robot_ws/install/mobile_robot_v1/share/mobile_robot_v1/hook/ament_prefix_path.dsv'
[1.092s] INFO:colcon.colcon_core.shell:Creating environment hook '/home/mona_robot/Desktop/mob_robot_project/robot_ws/install/mobile_robot_v1/share/mobile_robot_v1/hook/ament_prefix_path.sh'
[1.100s] INFO:colcon.colcon_core.shell:Skip shell extension 'powershell' for command environment: Not usable outside of PowerShell
[1.101s] DEBUG:colcon.colcon_core.shell:Skip shell extension 'dsv' for command environment
[1.845s] INFO:colcon.colcon_core.task.python.build:Building Python package in '/home/mona_robot/Desktop/mob_robot_project/robot_ws/src/mobile_robot_v1'
[1.845s] INFO:colcon.colcon_core.shell:Skip shell extension 'powershell' for command environment: Not usable outside of PowerShell
[1.845s] DEBUG:colcon.colcon_core.shell:Skip shell extension 'dsv' for command environment
[2.816s] DEBUG:colcon.colcon_core.event_handler.log_command:Invoking command in '/home/mona_robot/Desktop/mob_robot_project/robot_ws/build/mobile_robot_v1': PYTHONPATH=/home/mona_robot/Desktop/mob_robot_project/robot_ws/build/mobile_robot_v1/prefix_override:/home/mona_robot/Desktop/mob_robot_project/robot_ws/install/mobile_robot_v1/lib/python3.10/site-packages:${PYTHONPATH} /usr/bin/python3 -W ignore:setup.py install is deprecated setup.py develop --editable --build-directory /home/mona_robot/Desktop/mob_robot_project/robot_ws/build/mobile_robot_v1/build --no-deps symlink_data
[4.098s] Level 1:colcon.colcon_core.shell:create_environment_hook('mobile_robot_v1', 'pythonpath_develop')
[4.098s] INFO:colcon.colcon_core.shell:Creating environment hook '/home/mona_robot/Desktop/mob_robot_project/robot_ws/build/mobile_robot_v1/share/mobile_robot_v1/hook/pythonpath_develop.ps1'
[4.099s] INFO:colcon.colcon_core.shell:Creating environment descriptor '/home/mona_robot/Desktop/mob_robot_project/robot_ws/build/mobile_robot_v1/share/mobile_robot_v1/hook/pythonpath_develop.dsv'
[4.103s] INFO:colcon.colcon_core.shell:Creating environment hook '/home/mona_robot/Desktop/mob_robot_project/robot_ws/build/mobile_robot_v1/share/mobile_robot_v1/hook/pythonpath_develop.sh'
[4.106s] DEBUG:colcon.colcon_core.event_handler.log_command:Invoked command in '/home/mona_robot/Desktop/mob_robot_project/robot_ws/build/mobile_robot_v1' returned '0': PYTHONPATH=/home/mona_robot/Desktop/mob_robot_project/robot_ws/build/mobile_robot_v1/prefix_override:/home/mona_robot/Desktop/mob_robot_project/robot_ws/install/mobile_robot_v1/lib/python3.10/site-packages:${PYTHONPATH} /usr/bin/python3 -W ignore:setup.py install is deprecated setup.py develop --editable --build-directory /home/mona_robot/Desktop/mob_robot_project/robot_ws/build/mobile_robot_v1/build --no-deps symlink_data
[4.121s] Level 1:colcon.colcon_core.environment:checking '/home/mona_robot/Desktop/mob_robot_project/robot_ws/install/mobile_robot_v1' for CMake module files
[4.123s] Level 1:colcon.colcon_core.environment:checking '/home/mona_robot/Desktop/mob_robot_project/robot_ws/install/mobile_robot_v1' for CMake config files
[4.130s] Level 1:colcon.colcon_core.environment:checking '/home/mona_robot/Desktop/mob_robot_project/robot_ws/install/mobile_robot_v1/lib'
[4.132s] Level 1:colcon.colcon_core.environment:checking '/home/mona_robot/Desktop/mob_robot_project/robot_ws/install/mobile_robot_v1/bin'
[4.133s] Level 1:colcon.colcon_core.environment:checking '/home/mona_robot/Desktop/mob_robot_project/robot_ws/install/mobile_robot_v1/lib/pkgconfig/mobile_robot_v1.pc'
[4.134s] Level 1:colcon.colcon_core.environment:checking '/home/mona_robot/Desktop/mob_robot_project/robot_ws/install/mobile_robot_v1/lib/python3.10/site-packages'
[4.135s] Level 1:colcon.colcon_core.shell:create_environment_hook('mobile_robot_v1', 'pythonpath')
[4.136s] INFO:colcon.colcon_core.shell:Creating environment hook '/home/mona_robot/Desktop/mob_robot_project/robot_ws/install/mobile_robot_v1/share/mobile_robot_v1/hook/pythonpath.ps1'
[4.137s] INFO:colcon.colcon_core.shell:Creating environment descriptor '/home/mona_robot/Desktop/mob_robot_project/robot_ws/install/mobile_robot_v1/share/mobile_robot_v1/hook/pythonpath.dsv'
[4.138s] INFO:colcon.colcon_core.shell:Creating environment hook '/home/mona_robot/Desktop/mob_robot_project/robot_ws/install/mobile_robot_v1/share/mobile_robot_v1/hook/pythonpath.sh'
[4.139s] Level 1:colcon.colcon_core.environment:checking '/home/mona_robot/Desktop/mob_robot_project/robot_ws/install/mobile_robot_v1/bin'
[4.139s] Level 1:colcon.colcon_core.environment:create_environment_scripts_only(mobile_robot_v1)
[4.140s] INFO:colcon.colcon_core.shell:Creating package script '/home/mona_robot/Desktop/mob_robot_project/robot_ws/install/mobile_robot_v1/share/mobile_robot_v1/package.ps1'
[4.141s] INFO:colcon.colcon_core.shell:Creating package descriptor '/home/mona_robot/Desktop/mob_robot_project/robot_ws/install/mobile_robot_v1/share/mobile_robot_v1/package.dsv'
[4.142s] INFO:colcon.colcon_core.shell:Creating package script '/home/mona_robot/Desktop/mob_robot_project/robot_ws/install/mobile_robot_v1/share/mobile_robot_v1/package.sh'
[4.143s] INFO:colcon.colcon_core.shell:Creating package script '/home/mona_robot/Desktop/mob_robot_project/robot_ws/install/mobile_robot_v1/share/mobile_robot_v1/package.bash'
[4.144s] INFO:colcon.colcon_core.shell:Creating package script '/home/mona_robot/Desktop/mob_robot_project/robot_ws/install/mobile_robot_v1/share/mobile_robot_v1/package.zsh'
[4.145s] Level 1:colcon.colcon_core.environment:create_file_with_runtime_dependencies(/home/mona_robot/Desktop/mob_robot_project/robot_ws/install/mobile_robot_v1/share/colcon-core/packages/mobile_robot_v1)
[4.145s] DEBUG:colcon.colcon_parallel_executor.executor.parallel:closing loop
[4.146s] DEBUG:colcon.colcon_parallel_executor.executor.parallel:loop closed
[4.146s] DEBUG:colcon.colcon_parallel_executor.executor.parallel:run_until_complete finished with '0'
[4.146s] DEBUG:colcon.colcon_core.event_reactor:joining thread
[4.153s] INFO:colcon.colcon_core.plugin_system:Skipping extension 'colcon_notification.desktop_notification.terminal_notifier': Not used on non-Darwin systems
[4.153s] INFO:colcon.colcon_core.plugin_system:Skipping extension 'colcon_notification.desktop_notification.win32': Not used on non-Windows systems
[4.153s] INFO:colcon.colcon_notification.desktop_notification:Sending desktop notification using 'notify2'
[4.199s] DEBUG:colcon.colcon_core.event_reactor:joined thread
[4.199s] INFO:colcon.colcon_core.shell:Creating prefix script '/home/mona_robot/Desktop/mob_robot_project/robot_ws/install/local_setup.ps1'
[4.201s] INFO:colcon.colcon_core.shell:Creating prefix util module '/home/mona_robot/Desktop/mob_robot_project/robot_ws/install/_local_setup_util_ps1.py'
[4.203s] INFO:colcon.colcon_core.shell:Creating prefix chain script '/home/mona_robot/Desktop/mob_robot_project/robot_ws/install/setup.ps1'
[4.205s] INFO:colcon.colcon_core.shell:Creating prefix script '/home/mona_robot/Desktop/mob_robot_project/robot_ws/install/local_setup.sh'
[4.206s] INFO:colcon.colcon_core.shell:Creating prefix util module '/home/mona_robot/Desktop/mob_robot_project/robot_ws/install/_local_setup_util_sh.py'
[4.207s] INFO:colcon.colcon_core.shell:Creating prefix chain script '/home/mona_robot/Desktop/mob_robot_project/robot_ws/install/setup.sh'
[4.209s] INFO:colcon.colcon_core.shell:Creating prefix script '/home/mona_robot/Desktop/mob_robot_project/robot_ws/install/local_setup.bash'
[4.209s] INFO:colcon.colcon_core.shell:Creating prefix chain script '/home/mona_robot/Desktop/mob_robot_project/robot_ws/install/setup.bash'
[4.211s] INFO:colcon.colcon_core.shell:Creating prefix script '/home/mona_robot/Desktop/mob_robot_project/robot_ws/install/local_setup.zsh'
[4.212s] INFO:colcon.colcon_core.shell:Creating prefix chain script '/home/mona_robot/Desktop/mob_robot_project/robot_ws/install/setup.zsh'
