[0.840s] Invoking command in '/home/mona_robot/Desktop/mob_robot_project/robot_ws/build/mobile_robot_v1': PYTHONPATH=/home/mona_robot/Desktop/mob_robot_project/robot_ws/build/mobile_robot_v1/prefix_override:/home/mona_robot/Desktop/mob_robot_project/robot_ws/install/mobile_robot_v1/lib/python3.10/site-packages:${PYTHONPATH} /usr/bin/python3 -W ignore:setup.py install is deprecated setup.py develop --editable --build-directory /home/mona_robot/Desktop/mob_robot_project/robot_ws/build/mobile_robot_v1/build --no-deps symlink_data
[1.212s] running develop
[1.460s] running egg_info
[1.461s] creating mobile_robot_v1.egg-info
[1.461s] writing mobile_robot_v1.egg-info/PKG-INFO
[1.461s] writing dependency_links to mobile_robot_v1.egg-info/dependency_links.txt
[1.461s] writing entry points to mobile_robot_v1.egg-info/entry_points.txt
[1.461s] writing requirements to mobile_robot_v1.egg-info/requires.txt
[1.461s] writing top-level names to mobile_robot_v1.egg-info/top_level.txt
[1.462s] writing manifest file 'mobile_robot_v1.egg-info/SOURCES.txt'
[1.464s] reading manifest file 'mobile_robot_v1.egg-info/SOURCES.txt'
[1.464s] writing manifest file 'mobile_robot_v1.egg-info/SOURCES.txt'
[1.466s] running build_ext
[1.466s] Creating /home/mona_robot/Desktop/mob_robot_project/robot_ws/install/mobile_robot_v1/lib/python3.10/site-packages/mobile-robot-v1.egg-link (link to .)
[1.467s] Installing keyboard_teleop script to /home/mona_robot/Desktop/mob_robot_project/robot_ws/install/mobile_robot_v1/lib/mobile_robot_v1
[1.468s] 
[1.468s] Installed /home/mona_robot/Desktop/mob_robot_project/robot_ws/build/mobile_robot_v1
[1.468s] running symlink_data
[1.468s] creating /home/mona_robot/Desktop/mob_robot_project/robot_ws/install/mobile_robot_v1/share/ament_index
[1.468s] creating /home/mona_robot/Desktop/mob_robot_project/robot_ws/install/mobile_robot_v1/share/ament_index/resource_index
[1.468s] creating /home/mona_robot/Desktop/mob_robot_project/robot_ws/install/mobile_robot_v1/share/ament_index/resource_index/packages
[1.468s] symbolically linking /home/mona_robot/Desktop/mob_robot_project/robot_ws/build/mobile_robot_v1/resource/mobile_robot_v1 -> /home/mona_robot/Desktop/mob_robot_project/robot_ws/install/mobile_robot_v1/share/ament_index/resource_index/packages
[1.468s] symbolically linking /home/mona_robot/Desktop/mob_robot_project/robot_ws/build/mobile_robot_v1/package.xml -> /home/mona_robot/Desktop/mob_robot_project/robot_ws/install/mobile_robot_v1/share/mobile_robot_v1
[1.469s] creating /home/mona_robot/Desktop/mob_robot_project/robot_ws/install/mobile_robot_v1/share/mobile_robot_v1/launch
[1.469s] symbolically linking /home/mona_robot/Desktop/mob_robot_project/robot_ws/build/mobile_robot_v1/launch/display.launch.py -> /home/mona_robot/Desktop/mob_robot_project/robot_ws/install/mobile_robot_v1/share/mobile_robot_v1/launch
[1.469s] creating /home/mona_robot/Desktop/mob_robot_project/robot_ws/install/mobile_robot_v1/share/mobile_robot_v1/urdf
[1.469s] symbolically linking /home/mona_robot/Desktop/mob_robot_project/robot_ws/build/mobile_robot_v1/urdf/robot_mobile.urdf.xacro -> /home/mona_robot/Desktop/mob_robot_project/robot_ws/install/mobile_robot_v1/share/mobile_robot_v1/urdf
[1.469s] symbolically linking /home/mona_robot/Desktop/mob_robot_project/robot_ws/build/mobile_robot_v1/urdf/robot_core.xacro -> /home/mona_robot/Desktop/mob_robot_project/robot_ws/install/mobile_robot_v1/share/mobile_robot_v1/urdf
[1.469s] creating /home/mona_robot/Desktop/mob_robot_project/robot_ws/install/mobile_robot_v1/share/mobile_robot_v1/rviz
[1.469s] symbolically linking /home/mona_robot/Desktop/mob_robot_project/robot_ws/build/mobile_robot_v1/rviz/conf_chassis.rviz -> /home/mona_robot/Desktop/mob_robot_project/robot_ws/install/mobile_robot_v1/share/mobile_robot_v1/rviz
[1.469s] symbolically linking /home/mona_robot/Desktop/mob_robot_project/robot_ws/build/mobile_robot_v1/launch/gazebo.launch.py -> /home/mona_robot/Desktop/mob_robot_project/robot_ws/install/mobile_robot_v1/share/mobile_robot_v1/launch
[1.514s] Invoked command in '/home/mona_robot/Desktop/mob_robot_project/robot_ws/build/mobile_robot_v1' returned '0': PYTHONPATH=/home/mona_robot/Desktop/mob_robot_project/robot_ws/build/mobile_robot_v1/prefix_override:/home/mona_robot/Desktop/mob_robot_project/robot_ws/install/mobile_robot_v1/lib/python3.10/site-packages:${PYTHONPATH} /usr/bin/python3 -W ignore:setup.py install is deprecated setup.py develop --editable --build-directory /home/mona_robot/Desktop/mob_robot_project/robot_ws/build/mobile_robot_v1/build --no-deps symlink_data
